2017-11-10 15:22:13,814 INFO o.a.j.u.JMeterUtils: Setting Locale to en_US
2017-11-10 15:22:13,824 INFO o.a.j.JMeter: Loading user properties from: /usr/local/Cellar/jmeter/3.2/libexec/bin/user.properties
2017-11-10 15:22:13,825 INFO o.a.j.JMeter: Loading system properties from: /usr/local/Cellar/jmeter/3.2/libexec/bin/system.properties
2017-11-10 15:22:13,830 INFO o.a.j.JMeter: Copyright (c) 1998-2017 The Apache Software Foundation
2017-11-10 15:22:13,830 INFO o.a.j.JMeter: Version 3.2 r1790748
2017-11-10 15:22:13,830 INFO o.a.j.JMeter: java.version=1.8.0_121
2017-11-10 15:22:13,830 INFO o.a.j.JMeter: java.vm.name=Java HotSpot(TM) 64-Bit Server VM
2017-11-10 15:22:13,831 INFO o.a.j.JMeter: os.name=Mac OS X
2017-11-10 15:22:13,831 INFO o.a.j.JMeter: os.arch=x86_64
2017-11-10 15:22:13,831 INFO o.a.j.JMeter: os.version=10.12.6
2017-11-10 15:22:13,831 INFO o.a.j.JMeter: file.encoding=UTF-8
2017-11-10 15:22:13,831 INFO o.a.j.JMeter: Max memory     =536870912
2017-11-10 15:22:13,831 INFO o.a.j.JMeter: Available Processors =8
2017-11-10 15:22:13,834 INFO o.a.j.JMeter: Default Locale=English (United States)
2017-11-10 15:22:13,834 INFO o.a.j.JMeter: JMeter  Locale=English (United States)
2017-11-10 15:22:13,834 INFO o.a.j.JMeter: JMeterHome=/usr/local/Cellar/jmeter/3.2/libexec
2017-11-10 15:22:13,834 INFO o.a.j.JMeter: user.dir  =/Users/ravi.rajalingam/Documents/couchbase_spring
2017-11-10 15:22:13,834 INFO o.a.j.JMeter: PWD       =/Users/ravi.rajalingam/Documents/couchbase_spring
2017-11-10 15:22:13,835 INFO o.a.j.JMeter: IP: 172.18.225.29 Name: Couchbases-MacBook-Pro-4.local FullName: 172.18.225.29
2017-11-10 15:22:15,156 INFO o.a.j.g.a.LookAndFeelCommand: Using look and feel: com.apple.laf.AquaLookAndFeel [Mac OS X, System]
2017-11-10 15:22:15,159 INFO o.a.j.JMeter: Loaded icon properties from org/apache/jmeter/images/icon.properties
2017-11-10 15:22:15,535 INFO o.a.j.e.u.CompoundVariable: Note: Function class names must contain the string: '.functions.'
2017-11-10 15:22:15,535 INFO o.a.j.e.u.CompoundVariable: Note: Function class names must not contain the string: '.gui.'
2017-11-10 15:22:16,124 INFO o.a.j.g.u.MenuFactory: Skipping org.apache.jmeter.assertions.BSFAssertion
2017-11-10 15:22:16,564 INFO o.a.j.g.u.MenuFactory: Skipping org.apache.jmeter.extractor.BSFPostProcessor
2017-11-10 15:22:16,588 INFO o.a.j.g.u.MenuFactory: Skipping org.apache.jmeter.modifiers.BSFPreProcessor
2017-11-10 15:22:16,610 INFO o.a.j.p.h.s.HTTPSamplerBase: Parser for text/html is org.apache.jmeter.protocol.http.parser.LagartoBasedHtmlParser
2017-11-10 15:22:16,610 INFO o.a.j.p.h.s.HTTPSamplerBase: Parser for application/xhtml+xml is org.apache.jmeter.protocol.http.parser.LagartoBasedHtmlParser
2017-11-10 15:22:16,610 INFO o.a.j.p.h.s.HTTPSamplerBase: Parser for application/xml is org.apache.jmeter.protocol.http.parser.LagartoBasedHtmlParser
2017-11-10 15:22:16,610 INFO o.a.j.p.h.s.HTTPSamplerBase: Parser for text/xml is org.apache.jmeter.protocol.http.parser.LagartoBasedHtmlParser
2017-11-10 15:22:16,610 INFO o.a.j.p.h.s.HTTPSamplerBase: Parser for text/vnd.wap.wml is org.apache.jmeter.protocol.http.parser.RegexpHTMLParser
2017-11-10 15:22:16,611 INFO o.a.j.p.h.s.HTTPSamplerBase: Parser for text/css is org.apache.jmeter.protocol.http.parser.CssParser
2017-11-10 15:22:16,879 INFO o.a.j.e.KeyToolUtils: keytool found at 'keytool'
2017-11-10 15:22:16,879 INFO o.a.j.p.h.p.ProxyControl: HTTP(S) Test Script Recorder SSL Proxy will use keys that support embedded 3rd party resources in file /usr/local/Cellar/jmeter/3.2/libexec/bin/proxyserver.jks
2017-11-10 15:22:16,972 INFO o.a.j.g.u.MenuFactory: Skipping org.apache.jmeter.protocol.java.sampler.BSFSampler
2017-11-10 15:22:16,999 INFO o.a.j.s.FileServer: Default base='/Users/ravi.rajalingam/Documents/couchbase_spring'
2017-11-10 15:22:17,055 INFO o.a.j.g.u.MenuFactory: Skipping org.apache.jmeter.protocol.mongodb.config.MongoSourceElement
2017-11-10 15:22:17,056 INFO o.a.j.g.u.MenuFactory: Skipping org.apache.jmeter.protocol.mongodb.sampler.MongoScriptSampler
2017-11-10 15:22:17,133 INFO o.a.j.g.u.MenuFactory: Skipping org.apache.jmeter.timers.BSFTimer
2017-11-10 15:22:17,153 INFO o.a.j.g.u.MenuFactory: Skipping org.apache.jmeter.visualizers.BSFListener
2017-11-10 15:22:17,250 INFO o.a.j.s.SampleResult: Note: Sample TimeStamps are START times
2017-11-10 15:22:17,250 INFO o.a.j.s.SampleResult: sampleresult.default.encoding is set to ISO-8859-1
2017-11-10 15:22:17,250 INFO o.a.j.s.SampleResult: sampleresult.useNanoTime=true
2017-11-10 15:22:17,250 INFO o.a.j.s.SampleResult: sampleresult.nanoThreadSleep=5000
2017-11-10 15:23:37,542 INFO o.a.j.s.FileServer: Set new base='/Users/ravi.rajalingam/Documents/couchbase_spring'
2017-11-10 15:23:37,629 INFO o.a.j.s.SaveService: Testplan (JMX) version: 2.2. Testlog (JTL) version: 2.2
2017-11-10 15:23:37,639 INFO o.a.j.s.SaveService: Using SaveService properties file encoding UTF-8
2017-11-10 15:23:37,641 INFO o.a.j.s.SaveService: Using SaveService properties version 3.2
2017-11-10 15:23:40,521 INFO o.a.j.e.StandardJMeterEngine: Running the test!
2017-11-10 15:23:40,522 INFO o.a.j.s.SampleEvent: List of sample_variables: []
2017-11-10 15:23:40,522 INFO o.a.j.s.SampleEvent: List of sample_variables: []
2017-11-10 15:23:40,525 INFO o.a.j.g.u.JMeterMenuBar: setRunning(true, *local*)
2017-11-10 15:23:40,566 INFO o.a.j.e.StandardJMeterEngine: Starting ThreadGroup: 1 : Thread Group
2017-11-10 15:23:40,567 INFO o.a.j.e.StandardJMeterEngine: Starting 1 threads for group Thread Group.
2017-11-10 15:23:40,567 INFO o.a.j.e.StandardJMeterEngine: Thread will continue on error
2017-11-10 15:23:40,567 INFO o.a.j.t.ThreadGroup: Starting thread group... number=1 threads=1 ramp-up=1 perThread=1000.0 delayedStart=false
2017-11-10 15:23:40,571 INFO o.a.j.t.ThreadGroup: Started thread group number 1
2017-11-10 15:23:40,571 INFO o.a.j.e.StandardJMeterEngine: All thread groups have been started
2017-11-10 15:23:40,572 INFO o.a.j.t.JMeterThread: Thread started: Thread Group 1-1
2017-11-10 15:23:40,594 INFO o.a.j.p.h.s.HTTPHCAbstractImpl: Local host = Couchbases-MacBook-Pro-4.local
2017-11-10 15:23:40,598 INFO o.a.j.p.h.s.HTTPHC4Impl: HTTP request retry count = 0
2017-11-10 15:23:40,729 INFO o.a.j.t.JMeterThread: Thread is done: Thread Group 1-1
2017-11-10 15:23:40,729 INFO o.a.j.t.JMeterThread: Thread finished: Thread Group 1-1
2017-11-10 15:23:40,731 INFO o.a.j.e.StandardJMeterEngine: Notifying test listeners of end of test
2017-11-10 15:23:40,731 INFO o.a.j.g.u.JMeterMenuBar: setRunning(false, *local*)
2017-11-10 15:24:04,797 INFO o.a.j.e.StandardJMeterEngine: Running the test!
2017-11-10 15:24:04,797 INFO o.a.j.s.SampleEvent: List of sample_variables: []
2017-11-10 15:24:04,800 INFO o.a.j.g.u.JMeterMenuBar: setRunning(true, *local*)
2017-11-10 15:24:04,916 INFO o.a.j.e.StandardJMeterEngine: Starting ThreadGroup: 1 : Thread Group
2017-11-10 15:24:04,916 INFO o.a.j.e.StandardJMeterEngine: Starting 1 threads for group Thread Group.
2017-11-10 15:24:04,916 INFO o.a.j.e.StandardJMeterEngine: Thread will continue on error
2017-11-10 15:24:04,916 INFO o.a.j.t.ThreadGroup: Starting thread group... number=1 threads=1 ramp-up=1 perThread=1000.0 delayedStart=false
2017-11-10 15:24:04,916 INFO o.a.j.t.ThreadGroup: Started thread group number 1
2017-11-10 15:24:04,917 INFO o.a.j.e.StandardJMeterEngine: All thread groups have been started
2017-11-10 15:24:04,917 INFO o.a.j.t.JMeterThread: Thread started: Thread Group 1-1
2017-11-10 15:24:04,926 INFO o.a.j.t.JMeterThread: Thread is done: Thread Group 1-1
2017-11-10 15:24:04,926 INFO o.a.j.t.JMeterThread: Thread finished: Thread Group 1-1
2017-11-10 15:24:04,926 INFO o.a.j.e.StandardJMeterEngine: Notifying test listeners of end of test
2017-11-10 15:24:04,926 INFO o.a.j.g.u.JMeterMenuBar: setRunning(false, *local*)
2017-11-10 15:25:25,201 INFO o.a.j.e.StandardJMeterEngine: Running the test!
2017-11-10 15:25:25,201 INFO o.a.j.s.SampleEvent: List of sample_variables: []
2017-11-10 15:25:25,204 INFO o.a.j.g.u.JMeterMenuBar: setRunning(true, *local*)
2017-11-10 15:25:25,317 INFO o.a.j.e.StandardJMeterEngine: Starting ThreadGroup: 1 : Thread Group
2017-11-10 15:25:25,317 INFO o.a.j.e.StandardJMeterEngine: Starting 1 threads for group Thread Group.
2017-11-10 15:25:25,318 INFO o.a.j.e.StandardJMeterEngine: Thread will continue on error
2017-11-10 15:25:25,318 INFO o.a.j.t.ThreadGroup: Starting thread group... number=1 threads=1 ramp-up=1 perThread=1000.0 delayedStart=false
2017-11-10 15:25:25,318 INFO o.a.j.t.ThreadGroup: Started thread group number 1
2017-11-10 15:25:25,318 INFO o.a.j.e.StandardJMeterEngine: All thread groups have been started
2017-11-10 15:25:25,319 INFO o.a.j.t.JMeterThread: Thread started: Thread Group 1-1
2017-11-10 15:25:43,154 INFO o.a.j.g.a.Start: Stopping test
2017-11-10 15:25:43,168 INFO o.a.j.t.JMeterThread: Stopping: Thread Group 1-1
2017-11-10 15:25:43,169 INFO o.a.j.t.JMeterThread: Thread finished: Thread Group 1-1
2017-11-10 15:25:43,169 INFO o.a.j.e.StandardJMeterEngine: Notifying test listeners of end of test
2017-11-10 15:25:43,169 INFO o.a.j.g.u.JMeterMenuBar: setRunning(false, *local*)
